::1 - - [27/Nov/2023:21:42:01 +0000] "GET /files HTTP/1.1" 401 24
::1 - - [27/Nov/2023:21:42:22 +0000] "POST /auth/login HTTP/1.1" 200 402
::1 - - [27/Nov/2023:21:56:33 +0000] "PUT /user/6557a02ec528098d3de58d16 HTTP/1.1" 401 24
::1 - - [27/Nov/2023:21:56:40 +0000] "POST /auth/login HTTP/1.1" 200 402
::1 - - [27/Nov/2023:21:58:21 +0000] "PUT /user/ HTTP/1.1" 200 243
::1 - - [27/Nov/2023:21:58:56 +0000] "GET /files HTTP/1.1" 200 4
::1 - - [27/Nov/2023:21:59:15 +0000] "POST /files/ HTTP/1.1" 201 345
::1 - - [27/Nov/2023:21:59:20 +0000] "GET /files HTTP/1.1" 200 380
::1 - - [27/Nov/2023:22:00:17 +0000] "PUT /user/ HTTP/1.1" 200 240
::1 - - [27/Nov/2023:22:00:21 +0000] "GET /files HTTP/1.1" 200 377
::1 - - [27/Nov/2023:22:01:03 +0000] "PUT /user/ HTTP/1.1" 200 35
::1 - - [27/Nov/2023:22:01:19 +0000] "POST /auth/login HTTP/1.1" 200 402
::1 - - [27/Nov/2023:22:01:45 +0000] "GET /files HTTP/1.1" 200 377
::1 - - [27/Nov/2023:22:02:49 +0000] "PUT /user/ HTTP/1.1" 200 35
::1 - - [27/Nov/2023:22:03:47 +0000] "PUT /user/ HTTP/1.1" 200 35
::1 - - [27/Nov/2023:22:06:04 +0000] "PUT /user/ HTTP/1.1" 200 35
::1 - - [27/Nov/2023:22:06:31 +0000] "PUT /user/ HTTP/1.1" 200 35
::1 - - [27/Nov/2023:22:07:01 +0000] "PUT /user/ HTTP/1.1" 200 35
::1 - - [27/Nov/2023:22:07:06 +0000] "POST /auth/login HTTP/1.1" 401 28
::1 - - [27/Nov/2023:22:07:23 +0000] "POST /auth/login HTTP/1.1" 200 402
